#
# There is insufficient memory for the Java Runtime Environment to continue.
# Native memory allocation (mmap) failed to map 130023424 bytes for G1 virtual space
# Possible reasons:
#   The system is out of physical RAM or swap space
#   The process is running with CompressedOops enabled, and the Java Heap may be blocking the growth of the native heap
# Possible solutions:
#   Reduce memory load on the system
#   Increase physical memory or swap space
#   Check if swap backing store is full
#   Decrease Java heap size (-Xmx/-Xms)
#   Decrease number of Java threads
#   Decrease Java thread stack sizes (-Xss)
#   Set larger code cache with -XX:ReservedCodeCacheSize=
#   JVM is running with Unscaled Compressed Oops mode in which the Java heap is
#     placed in the first 4GB address space. The Java Heap base address is the
#     maximum limit for the native heap growth. Please use -XX:HeapBaseMinAddress
#     to set the Java Heap base and to place the Java Heap above 4GB virtual address.
# This output file may be truncated or incomplete.
#
#  Out of Memory Error (os_windows.cpp:3536), pid=19988, tid=33500
#
# JRE version:  (19.0.2+7) (build )
# Java VM: Java HotSpot(TM) 64-Bit Server VM (19.0.2+7-44, mixed mode, sharing, tiered, compressed oops, compressed class ptrs, g1 gc, windows-amd64)
# No core dump will be written. Minidumps are not enabled by default on client versions of Windows
#

---------------  S U M M A R Y ------------

Command Line: -Dfile.encoding=UTF-8 --module-path=C:\Users\MY\OneDrive\Documents\NetBeansProjects\Hotel Management\build\classes hotel.management.Employeinfo

Host: Intel(R) Core(TM) i3-1005G1 CPU @ 1.20GHz, 4 cores, 7G,  Windows 11 , 64 bit Build 22621 (10.0.22621.2428)
Time: Thu Oct 26 15:37:28 2023 India Standard Time elapsed time: 0.010088 seconds (0d 0h 0m 0s)

---------------  T H R E A D  ---------------

Current thread (0x0000020423327760):  JavaThread "Unknown thread" [_thread_in_vm, id=33500, stack(0x0000001a2de00000,0x0000001a2df00000)]

Stack: [0x0000001a2de00000,0x0000001a2df00000]
Native frames: (J=compiled Java code, j=interpreted, Vv=VM code, C=native code)
V  [jvm.dll+0x6ee21a]
V  [jvm.dll+0x85765e]
V  [jvm.dll+0x85904e]
V  [jvm.dll+0x859703]
V  [jvm.dll+0x28298f]
V  [jvm.dll+0x6eb009]
V  [jvm.dll+0x6dfbaa]
V  [jvm.dll+0x3573f6]
V  [jvm.dll+0x35ee56]
V  [jvm.dll+0x3b541e]
V  [jvm.dll+0x3b564f]
V  [jvm.dll+0x32c9ea]
V  [jvm.dll+0x32d89e]
V  [jvm.dll+0x821780]
V  [jvm.dll+0x3c2661]
V  [jvm.dll+0x801f51]
V  [jvm.dll+0x44ae8f]
V  [jvm.dll+0x44c811]
C  [jli.dll+0x5287]
C  [ucrtbase.dll+0x29363]
C  [KERNEL32.DLL+0x1257d]
C  [ntdll.dll+0x5aa78]


---------------  P R O C E S S  ---------------

Threads class SMR info:
_java_thread_list=0x00007ffe8a2bd048, length=0, elements={
}

Java Threads: ( => current thread )

Other Threads:
  0x0000020423386470 WorkerThread "GC Thread#0" [stack: 0x0000001a2df00000,0x0000001a2e000000] [id=30192]
  0x0000020423396a90 ConcurrentGCThread "G1 Main Marker" [stack: 0x0000001a2e000000,0x0000001a2e100000] [id=18456]
  0x0000020423397660 WorkerThread "G1 Conc#0" [stack: 0x0000001a2e100000,0x0000001a2e200000] [id=33176]

[error occurred during error reporting (printing all threads), id 0xc0000005, EXCEPTION_ACCESS_VIOLATION (0xc0000005) at pc=0x00007ffe89a7d427]

VM state: not at safepoint (not fully initialized)

VM Mutex/Monitor currently owned by a thread:  ([mutex/lock_event])
[0x0000020423322ec0] Heap_lock - owner thread: 0x0000020423327760

Heap address: 0x0000000084a00000, size: 1974 MB, Compressed Oops mode: 32-bit

CDS archive(s) mapped at: [0x0000000000000000-0x0000000000000000-0x0000000000000000), size 0, SharedBaseAddress: 0x0000000800000000, ArchiveRelocationMode: 0.
Narrow klass base: 0x0000000000000000, Narrow klass shift: 0, Narrow klass range: 0x0

GC Precious Log:
 CardTable entry size: 512
 Card Set container configuration: InlinePtr #cards 5 size 8 Array Of Cards #cards 12 size 40 Howl #buckets 4 coarsen threshold 1843 Howl Bitmap #cards 512 size 80 coarsen threshold 460 Card regions per heap region 1 cards per card region 2048

Heap:
 garbage-first heap   total 0K, used 0K [0x0000000084a00000, 0x0000000100000000)
  region size 1024K, 0 young (0K), 0 survivors (0K)

[error occurred during error reporting (printing heap information), id 0xc0000005, EXCEPTION_ACCESS_VIOLATION (0xc0000005) at pc=0x00007ffe89e86649]

GC Heap History (0 events):
No events

Dll operation events (1 events):
Event: 0.006 Loaded shared library C:\Program Files\Java\jdk-19\bin\java.dll

Deoptimization events (0 events):
No events

Classes loaded (0 events):
No events

Classes unloaded (0 events):
No events

Classes redefined (0 events):
No events

Internal exceptions (0 events):
No events

VM Operations (0 events):
No events

Events (0 events):
No events


Dynamic libraries:
0x00007ff623880000 - 0x00007ff623890000 	C:\Program Files\Java\jdk-19\bin\java.exe
0x00007ffeebd50000 - 0x00007ffeebf67000 	C:\WINDOWS\SYSTEM32\ntdll.dll
0x00007ffeea590000 - 0x00007ffeea654000 	C:\WINDOWS\System32\KERNEL32.DLL
0x00007ffee92c0000 - 0x00007ffee9666000 	C:\WINDOWS\System32\KERNELBASE.dll
0x00007ffee96a0000 - 0x00007ffee97b1000 	C:\WINDOWS\System32\ucrtbase.dll
0x00007ffe96fa0000 - 0x00007ffe96fbb000 	C:\Program Files\Java\jdk-19\bin\VCRUNTIME140.dll
0x00007ffea3a60000 - 0x00007ffea3a78000 	C:\Program Files\Java\jdk-19\bin\jli.dll
0x00007ffeebc60000 - 0x00007ffeebd10000 	C:\WINDOWS\System32\ADVAPI32.dll
0x00007ffeeb0c0000 - 0x00007ffeeb167000 	C:\WINDOWS\System32\msvcrt.dll
0x00007ffeeb950000 - 0x00007ffeeb9f6000 	C:\WINDOWS\System32\sechost.dll
0x00007ffeeaf10000 - 0x00007ffeeb027000 	C:\WINDOWS\System32\RPCRT4.dll
0x00007ffeeb790000 - 0x00007ffeeb93d000 	C:\WINDOWS\System32\USER32.dll
0x00007ffee9670000 - 0x00007ffee9696000 	C:\WINDOWS\System32\win32u.dll
0x00007ffeeb030000 - 0x00007ffeeb059000 	C:\WINDOWS\System32\GDI32.dll
0x00007ffee9860000 - 0x00007ffee9978000 	C:\WINDOWS\System32\gdi32full.dll
0x00007ffee97c0000 - 0x00007ffee985a000 	C:\WINDOWS\System32\msvcp_win.dll
0x00007ffed47b0000 - 0x00007ffed4a43000 	C:\WINDOWS\WinSxS\amd64_microsoft.windows.common-controls_6595b64144ccf1df_6.0.22621.2361_none_2712ced57382f843\COMCTL32.dll
0x00007ffede160000 - 0x00007ffede16a000 	C:\WINDOWS\SYSTEM32\VERSION.dll
0x00007ffeeb060000 - 0x00007ffeeb091000 	C:\WINDOWS\System32\IMM32.DLL
0x00007ffed0510000 - 0x00007ffed051c000 	C:\Program Files\Java\jdk-19\bin\vcruntime140_1.dll
0x00007ffe8d3b0000 - 0x00007ffe8d43e000 	C:\Program Files\Java\jdk-19\bin\msvcp140.dll
0x00007ffe89740000 - 0x00007ffe8a400000 	C:\Program Files\Java\jdk-19\bin\server\jvm.dll
0x00007ffee0a90000 - 0x00007ffee0ac4000 	C:\WINDOWS\SYSTEM32\WINMM.dll
0x00007ffece7b0000 - 0x00007ffece7b9000 	C:\WINDOWS\SYSTEM32\WSOCK32.dll
0x00007ffeeae30000 - 0x00007ffeeaea1000 	C:\WINDOWS\System32\WS2_32.dll
0x00007ffee80b0000 - 0x00007ffee80c8000 	C:\WINDOWS\SYSTEM32\kernel.appcore.dll
0x00007ffecf4d0000 - 0x00007ffecf4da000 	C:\Program Files\Java\jdk-19\bin\jimage.dll
0x00007ffee6a70000 - 0x00007ffee6c9e000 	C:\WINDOWS\SYSTEM32\DBGHELP.DLL
0x00007ffeeb170000 - 0x00007ffeeb4fa000 	C:\WINDOWS\System32\combase.dll
0x00007ffeea430000 - 0x00007ffeea507000 	C:\WINDOWS\System32\OLEAUT32.dll
0x00007ffec9ae0000 - 0x00007ffec9b12000 	C:\WINDOWS\SYSTEM32\dbgcore.DLL
0x00007ffee9240000 - 0x00007ffee92ba000 	C:\WINDOWS\System32\bcryptPrimitives.dll
0x00007ffe942e0000 - 0x00007ffe94306000 	C:\Program Files\Java\jdk-19\bin\java.dll

dbghelp: loaded successfully - version: 4.0.5 - missing functions: none
symbol engine: initialized successfully - sym options: 0x614 - pdb path: .;C:\Program Files\Java\jdk-19\bin;C:\WINDOWS\SYSTEM32;C:\WINDOWS\WinSxS\amd64_microsoft.windows.common-controls_6595b64144ccf1df_6.0.22621.2361_none_2712ced57382f843;C:\Program Files\Java\jdk-19\bin\server

VM Arguments:
jvm_args: -Dfile.encoding=UTF-8 --module-path=C:\Users\MY\OneDrive\Documents\NetBeansProjects\Hotel Management\build\classes 
java_command: hotel.management.Employeinfo
java_class_path (initial): C:\Users\MY\Downloads\mysql-connector-java-8.0.28 (1).jar;C:\Users\MY\Downloads;C:\Users\MY\Downloads\rs2xml.jar;C:\Users\MY\OneDrive\Documents\NetBeansProjects\Hotel Management\build\classes
Launcher Type: SUN_STANDARD

[Global flags]
     intx CICompilerCount                          = 3                                         {product} {ergonomic}
     uint ConcGCThreads                            = 1                                         {product} {ergonomic}
     uint G1ConcRefinementThreads                  = 4                                         {product} {ergonomic}
   size_t G1HeapRegionSize                         = 1048576                                   {product} {ergonomic}
    uintx GCDrainStackTargetSize                   = 64                                        {product} {ergonomic}
   size_t InitialHeapSize                          = 130023424                                 {product} {ergonomic}
   size_t MarkStackSize                            = 4194304                                   {product} {ergonomic}
   size_t MaxHeapSize                              = 2069889024                                {product} {ergonomic}
   size_t MinHeapDeltaBytes                        = 1048576                                   {product} {ergonomic}
   size_t MinHeapSize                              = 8388608                                   {product} {ergonomic}
    uintx NonNMethodCodeHeapSize                   = 5832780                                {pd product} {ergonomic}
    uintx NonProfiledCodeHeapSize                  = 122912730                              {pd product} {ergonomic}
    uintx ProfiledCodeHeapSize                     = 122912730                              {pd product} {ergonomic}
    uintx ReservedCodeCacheSize                    = 251658240                              {pd product} {ergonomic}
     bool SegmentedCodeCache                       = true                                      {product} {ergonomic}
   size_t SoftMaxHeapSize                          = 2069889024                             {manageable} {ergonomic}
     bool UseCompressedClassPointers               = true                           {product lp64_product} {ergonomic}
     bool UseCompressedOops                        = true                           {product lp64_product} {ergonomic}
     bool UseG1GC                                  = true                                      {product} {ergonomic}
     bool UseLargePagesIndividualAllocation        = false                                  {pd product} {ergonomic}

Logging:
Log output configuration:
 #0: stdout all=warning uptime,level,tags foldmultilines=false
 #1: stderr all=off uptime,level,tags foldmultilines=false

Environment Variables:
JAVA_HOME=C:\Program Files\Java\jdk-17.0.2
PATH=C:\Program Files\Python311\Scripts\;C:\Program Files\Python311\;C:\Program Files (x86)\VMware\VMware Workstation\bin\;C:\Program Files\Common Files\Oracle\Java\javapath;C:\WINDOWS\system32;C:\WINDOWS;C:\WINDOWS\System32\Wbem;C:\WINDOWS\System32\WindowsPowerShell\v1.0\;C:\WINDOWS\System32\OpenSSH\;C:\MinGW\bin;C:\Program Files\Java\jdk-17.0.2;C:\Program Files\Java\jdk-17.0.2\bin;C:\Program Files\dotnet\;C:\Program Files\Git\cmd;C:\DevTools\apache-maven-3.8.7\bin;C:\WINDOWS\system32;C:\WINDOWS;C:\WINDOWS\System32\Wbem;C:\WINDOWS\System32\WindowsPowerShell\v1.0\;C:\WINDOWS\System32\OpenSSH\;C:\Program Files\MySQL\MySQL Server 8.0\bin;C:\Users\MY\AppData\Local\Programs\Python\Python312\Scripts\;C:\Users\MY\AppData\Local\Programs\Python\Python312\;C:\Program Files\MySQL\MySQL Shell 8.0\bin\;C:\Users\MY\AppData\Local\Microsoft\WindowsApps;;C:\Program Files\JetBrains\IntelliJ IDEA Community Edition 2021.3.3\bin;;C:\Users\MY\.dotnet\tools;C:\Users\MY\AppData\Local\Programs\Microsoft VS Code\bin
USERNAME=MY
OS=Windows_NT
PROCESSOR_IDENTIFIER=Intel64 Family 6 Model 126 Stepping 5, GenuineIntel
TMP=C:\Users\MY\AppData\Local\Temp
TEMP=C:\Users\MY\AppData\Local\Temp



---------------  S Y S T E M  ---------------

OS:
 Windows 11 , 64 bit Build 22621 (10.0.22621.2428)
OS uptime: 7 days 3:51 hours

CPU: total 4 (initial active 4) (2 cores per cpu, 2 threads per core) family 6 model 126 stepping 5 microcode 0xa0, cx8, cmov, fxsr, ht, mmx, 3dnowpref, sse, sse2, sse3, ssse3, sse4.1, sse4.2, popcnt, lzcnt, tsc, tscinvbit, avx, avx2, aes, erms, clmul, bmi1, bmi2, adx, avx512f, avx512dq, avx512cd, avx512bw, avx512vl, sha, fma, vzeroupper, avx512_vpopcntdq, avx512_vpclmulqdq, avx512_vaes, avx512_vnni, clflush, clflushopt, avx512_vbmi2, avx512_vbmi, rdtscp, rdpid, fsrm, gfni, avx512_bitalg

Memory: 4k page, system-wide physical 7894M (875M free)
TotalPageFile size 32470M (AvailPageFile size 63M)
current process WorkingSet (physical memory assigned to process): 11M, peak: 11M
current process commit charge ("private bytes"): 52M, peak: 176M

vm_info: Java HotSpot(TM) 64-Bit Server VM (19.0.2+7-44) for windows-amd64 JRE (19.0.2+7-44), built on 2022-11-30T18:02:09Z by "mach5one" with MS VC++ 17.1 (VS2022)

END.
